This file contains any messages produced by compilers while
running configure, to aid debugging if configure makes a mistake.

It was created by gtwupload configure 1.0, which was
generated by GNU Autoconf 2.69.  Invocation command line was

  $ ../configure 

## --------- ##
## Platform. ##
## --------- ##

hostname = localhost.localdomain
uname -m = x86_64
uname -r = 4.18.0-193.19.1.el8_2.x86_64
uname -s = Linux
uname -v = #1 SMP Mon Sep 14 14:37:00 UTC 2020

/usr/bin/uname -p = x86_64
/bin/uname -X     = unknown

/bin/arch              = x86_64
/usr/bin/arch -k       = unknown
/usr/convex/getsysinfo = unknown
/usr/bin/hostinfo      = unknown
/bin/machine           = unknown
/usr/bin/oslevel       = unknown
/bin/universe          = unknown

PATH: /home/lxm/.local/bin
PATH: /home/lxm/bin
PATH: /home/lxm/.local/bin
PATH: /home/lxm/bin
PATH: /usr/local/bin
PATH: /usr/local/sbin
PATH: /usr/bin
PATH: /usr/sbin


## ----------- ##
## Core tests. ##
## ----------- ##

configure:2354: checking build system type
configure:2368: result: x86_64-pc-linux-gnu
configure:2388: checking host system type
configure:2401: result: x86_64-pc-linux-gnu
configure:2421: checking target system type
configure:2434: result: x86_64-pc-linux-gnu
configure:2476: checking for a BSD-compatible install
configure:2544: result: /usr/bin/install -c
configure:2555: checking whether build environment is sane
configure:2610: result: yes
configure:2761: checking for a thread-safe mkdir -p
configure:2800: result: /usr/bin/mkdir -p
configure:2807: checking for gawk
configure:2823: found /usr/bin/gawk
configure:2834: result: gawk
configure:2845: checking whether make sets $(MAKE)
configure:2867: result: yes
configure:2896: checking whether make supports nested variables
configure:2913: result: yes
configure:3098: checking for g++
configure:3114: found /usr/bin/g++
configure:3125: result: g++
configure:3152: checking for C++ compiler version
configure:3161: g++ --version >&5
g++ (GCC) 8.3.1 20191121 (Red Hat 8.3.1-5)
Copyright (C) 2018 Free Software Foundation, Inc.
This is free software; see the source for copying conditions.  There is NO
warranty; not even for MERCHANTABILITY or FITNESS FOR A PARTICULAR PURPOSE.

configure:3172: $? = 0
configure:3161: g++ -v >&5
Using built-in specs.
COLLECT_GCC=g++
COLLECT_LTO_WRAPPER=/usr/libexec/gcc/x86_64-redhat-linux/8/lto-wrapper
OFFLOAD_TARGET_NAMES=nvptx-none
OFFLOAD_TARGET_DEFAULT=1
Target: x86_64-redhat-linux
Configured with: ../configure --enable-bootstrap --enable-languages=c,c++,fortran,lto --prefix=/usr --mandir=/usr/share/man --infodir=/usr/share/info --with-bugurl=http://bugzilla.redhat.com/bugzilla --enable-shared --enable-threads=posix --enable-checking=release --enable-multilib --with-system-zlib --enable-__cxa_atexit --disable-libunwind-exceptions --enable-gnu-unique-object --enable-linker-build-id --with-gcc-major-version-only --with-linker-hash-style=gnu --enable-plugin --enable-initfini-array --with-isl --disable-libmpx --enable-offload-targets=nvptx-none --without-cuda-driver --enable-gnu-indirect-function --enable-cet --with-tune=generic --with-arch_32=x86-64 --build=x86_64-redhat-linux
Thread model: posix
gcc version 8.3.1 20191121 (Red Hat 8.3.1-5) (GCC) 
configure:3172: $? = 0
configure:3161: g++ -V >&5
g++: error: unrecognized command line option '-V'
g++: fatal error: no input files
compilation terminated.
configure:3172: $? = 1
configure:3161: g++ -qversion >&5
g++: error: unrecognized command line option '-qversion'; did you mean '--version'?
g++: fatal error: no input files
compilation terminated.
configure:3172: $? = 1
configure:3192: checking whether the C++ compiler works
configure:3214: g++    conftest.cpp  >&5
configure:3218: $? = 0
configure:3266: result: yes
configure:3269: checking for C++ compiler default output file name
configure:3271: result: a.out
configure:3277: checking for suffix of executables
configure:3284: g++ -o conftest    conftest.cpp  >&5
configure:3288: $? = 0
configure:3310: result: 
configure:3332: checking whether we are cross compiling
configure:3340: g++ -o conftest    conftest.cpp  >&5
configure:3344: $? = 0
configure:3351: ./conftest
configure:3355: $? = 0
configure:3370: result: no
configure:3375: checking for suffix of object files
configure:3397: g++ -c   conftest.cpp >&5
configure:3401: $? = 0
configure:3422: result: o
configure:3426: checking whether we are using the GNU C++ compiler
configure:3445: g++ -c   conftest.cpp >&5
configure:3445: $? = 0
configure:3454: result: yes
configure:3463: checking whether g++ accepts -g
configure:3483: g++ -c -g  conftest.cpp >&5
configure:3483: $? = 0
configure:3524: result: yes
configure:3550: checking whether make supports the include directive
configure:3565: make -f confmf.GNU && cat confinc.out
this is the am__doit target
configure:3568: $? = 0
configure:3587: result: yes (GNU style)
configure:3612: checking dependency style of g++
configure:3723: result: gcc3
configure:3786: checking for gcc
configure:3802: found /usr/bin/gcc
configure:3813: result: gcc
configure:4042: checking for C compiler version
configure:4051: gcc --version >&5
gcc (GCC) 8.3.1 20191121 (Red Hat 8.3.1-5)
Copyright (C) 2018 Free Software Foundation, Inc.
This is free software; see the source for copying conditions.  There is NO
warranty; not even for MERCHANTABILITY or FITNESS FOR A PARTICULAR PURPOSE.

configure:4062: $? = 0
configure:4051: gcc -v >&5
Using built-in specs.
COLLECT_GCC=gcc
COLLECT_LTO_WRAPPER=/usr/libexec/gcc/x86_64-redhat-linux/8/lto-wrapper
OFFLOAD_TARGET_NAMES=nvptx-none
OFFLOAD_TARGET_DEFAULT=1
Target: x86_64-redhat-linux
Configured with: ../configure --enable-bootstrap --enable-languages=c,c++,fortran,lto --prefix=/usr --mandir=/usr/share/man --infodir=/usr/share/info --with-bugurl=http://bugzilla.redhat.com/bugzilla --enable-shared --enable-threads=posix --enable-checking=release --enable-multilib --with-system-zlib --enable-__cxa_atexit --disable-libunwind-exceptions --enable-gnu-unique-object --enable-linker-build-id --with-gcc-major-version-only --with-linker-hash-style=gnu --enable-plugin --enable-initfini-array --with-isl --disable-libmpx --enable-offload-targets=nvptx-none --without-cuda-driver --enable-gnu-indirect-function --enable-cet --with-tune=generic --with-arch_32=x86-64 --build=x86_64-redhat-linux
Thread model: posix
gcc version 8.3.1 20191121 (Red Hat 8.3.1-5) (GCC) 
configure:4062: $? = 0
configure:4051: gcc -V >&5
gcc: error: unrecognized command line option '-V'
gcc: fatal error: no input files
compilation terminated.
configure:4062: $? = 1
configure:4051: gcc -qversion >&5
gcc: error: unrecognized command line option '-qversion'; did you mean '--version'?
gcc: fatal error: no input files
compilation terminated.
configure:4062: $? = 1
configure:4066: checking whether we are using the GNU C compiler
configure:4085: gcc -c   conftest.c >&5
configure:4085: $? = 0
configure:4094: result: yes
configure:4103: checking whether gcc accepts -g
configure:4123: gcc -c -g  conftest.c >&5
configure:4123: $? = 0
configure:4164: result: yes
configure:4181: checking for gcc option to accept ISO C89
configure:4244: gcc  -c -g -O2  conftest.c >&5
configure:4244: $? = 0
configure:4257: result: none needed
configure:4282: checking whether gcc understands -c and -o together
configure:4304: gcc -c conftest.c -o conftest2.o
configure:4307: $? = 0
configure:4304: gcc -c conftest.c -o conftest2.o
configure:4307: $? = 0
configure:4319: result: yes
configure:4338: checking dependency style of gcc
configure:4449: result: gcc3
configure:4543: checking how to run the C preprocessor
configure:4574: gcc -E  conftest.c
configure:4574: $? = 0
configure:4588: gcc -E  conftest.c
conftest.c:11:10: fatal error: ac_nonexistent.h: No such file or directory
 #include <ac_nonexistent.h>
          ^~~~~~~~~~~~~~~~~~
compilation terminated.
configure:4588: $? = 1
configure: failed program was:
| /* confdefs.h */
| #define PACKAGE_NAME "gtwupload"
| #define PACKAGE_TARNAME "gtwupload"
| #define PACKAGE_VERSION "1.0"
| #define PACKAGE_STRING "gtwupload 1.0"
| #define PACKAGE_BUGREPORT ""
| #define PACKAGE_URL ""
| #define PACKAGE "gtwupload"
| #define VERSION "1.0"
| /* end confdefs.h.  */
| #include <ac_nonexistent.h>
configure:4613: result: gcc -E
configure:4633: gcc -E  conftest.c
configure:4633: $? = 0
configure:4647: gcc -E  conftest.c
conftest.c:11:10: fatal error: ac_nonexistent.h: No such file or directory
 #include <ac_nonexistent.h>
          ^~~~~~~~~~~~~~~~~~
compilation terminated.
configure:4647: $? = 1
configure: failed program was:
| /* confdefs.h */
| #define PACKAGE_NAME "gtwupload"
| #define PACKAGE_TARNAME "gtwupload"
| #define PACKAGE_VERSION "1.0"
| #define PACKAGE_STRING "gtwupload 1.0"
| #define PACKAGE_BUGREPORT ""
| #define PACKAGE_URL ""
| #define PACKAGE "gtwupload"
| #define VERSION "1.0"
| /* end confdefs.h.  */
| #include <ac_nonexistent.h>
configure:4676: checking for grep that handles long lines and -e
configure:4734: result: /usr/bin/grep
configure:4739: checking for egrep
configure:4801: result: /usr/bin/grep -E
configure:4806: checking for ANSI C header files
configure:4826: gcc -c -g -O2  conftest.c >&5
configure:4826: $? = 0
configure:4899: gcc -o conftest -g -O2   conftest.c  >&5
configure:4899: $? = 0
configure:4899: ./conftest
configure:4899: $? = 0
configure:4910: result: yes
configure:4923: checking for sys/types.h
configure:4923: gcc -c -g -O2  conftest.c >&5
configure:4923: $? = 0
configure:4923: result: yes
configure:4923: checking for sys/stat.h
configure:4923: gcc -c -g -O2  conftest.c >&5
configure:4923: $? = 0
configure:4923: result: yes
configure:4923: checking for stdlib.h
configure:4923: gcc -c -g -O2  conftest.c >&5
configure:4923: $? = 0
configure:4923: result: yes
configure:4923: checking for string.h
configure:4923: gcc -c -g -O2  conftest.c >&5
configure:4923: $? = 0
configure:4923: result: yes
configure:4923: checking for memory.h
configure:4923: gcc -c -g -O2  conftest.c >&5
configure:4923: $? = 0
configure:4923: result: yes
configure:4923: checking for strings.h
configure:4923: gcc -c -g -O2  conftest.c >&5
configure:4923: $? = 0
configure:4923: result: yes
configure:4923: checking for inttypes.h
configure:4923: gcc -c -g -O2  conftest.c >&5
configure:4923: $? = 0
configure:4923: result: yes
configure:4923: checking for stdint.h
configure:4923: gcc -c -g -O2  conftest.c >&5
configure:4923: $? = 0
configure:4923: result: yes
configure:4923: checking for unistd.h
configure:4923: gcc -c -g -O2  conftest.c >&5
configure:4923: $? = 0
configure:4923: result: yes
configure:4935: checking for stdbool.h that conforms to C99
configure:5002: gcc -c -g -O2  conftest.c >&5
configure:5002: $? = 0
configure:5009: result: yes
configure:5011: checking for _Bool
configure:5011: gcc -c -g -O2  conftest.c >&5
configure:5011: $? = 0
configure:5011: gcc -c -g -O2  conftest.c >&5
conftest.c: In function 'main':
conftest.c:57:20: error: expected expression before ')' token
 if (sizeof ((_Bool)))
                    ^
configure:5011: $? = 1
configure: failed program was:
| /* confdefs.h */
| #define PACKAGE_NAME "gtwupload"
| #define PACKAGE_TARNAME "gtwupload"
| #define PACKAGE_VERSION "1.0"
| #define PACKAGE_STRING "gtwupload 1.0"
| #define PACKAGE_BUGREPORT ""
| #define PACKAGE_URL ""
| #define PACKAGE "gtwupload"
| #define VERSION "1.0"
| #define STDC_HEADERS 1
| #define HAVE_SYS_TYPES_H 1
| #define HAVE_SYS_STAT_H 1
| #define HAVE_STDLIB_H 1
| #define HAVE_STRING_H 1
| #define HAVE_MEMORY_H 1
| #define HAVE_STRINGS_H 1
| #define HAVE_INTTYPES_H 1
| #define HAVE_STDINT_H 1
| #define HAVE_UNISTD_H 1
| /* end confdefs.h.  */
| #include <stdio.h>
| #ifdef HAVE_SYS_TYPES_H
| # include <sys/types.h>
| #endif
| #ifdef HAVE_SYS_STAT_H
| # include <sys/stat.h>
| #endif
| #ifdef STDC_HEADERS
| # include <stdlib.h>
| # include <stddef.h>
| #else
| # ifdef HAVE_STDLIB_H
| #  include <stdlib.h>
| # endif
| #endif
| #ifdef HAVE_STRING_H
| # if !defined STDC_HEADERS && defined HAVE_MEMORY_H
| #  include <memory.h>
| # endif
| # include <string.h>
| #endif
| #ifdef HAVE_STRINGS_H
| # include <strings.h>
| #endif
| #ifdef HAVE_INTTYPES_H
| # include <inttypes.h>
| #endif
| #ifdef HAVE_STDINT_H
| # include <stdint.h>
| #endif
| #ifdef HAVE_UNISTD_H
| # include <unistd.h>
| #endif
| int
| main ()
| {
| if (sizeof ((_Bool)))
| 	    return 0;
|   ;
|   return 0;
| }
configure:5011: result: yes
configure:5025: checking for unistd.h
configure:5025: result: yes
configure:5025: checking fcntl.h usability
configure:5025: gcc -c -g -O2  conftest.c >&5
configure:5025: $? = 0
configure:5025: result: yes
configure:5025: checking fcntl.h presence
configure:5025: gcc -E  conftest.c
configure:5025: $? = 0
configure:5025: result: yes
configure:5025: checking for fcntl.h
configure:5025: result: yes
configure:5025: checking syslog.h usability
configure:5025: gcc -c -g -O2  conftest.c >&5
configure:5025: $? = 0
configure:5025: result: yes
configure:5025: checking syslog.h presence
configure:5025: gcc -E  conftest.c
configure:5025: $? = 0
configure:5025: result: yes
configure:5025: checking for syslog.h
configure:5025: result: yes
configure:5025: checking netdb.h usability
configure:5025: gcc -c -g -O2  conftest.c >&5
configure:5025: $? = 0
configure:5025: result: yes
configure:5025: checking netdb.h presence
configure:5025: gcc -E  conftest.c
configure:5025: $? = 0
configure:5025: result: yes
configure:5025: checking for netdb.h
configure:5025: result: yes
configure:5025: checking sys/param.h usability
configure:5025: gcc -c -g -O2  conftest.c >&5
configure:5025: $? = 0
configure:5025: result: yes
configure:5025: checking sys/param.h presence
configure:5025: gcc -E  conftest.c
configure:5025: $? = 0
configure:5025: result: yes
configure:5025: checking for sys/param.h
configure:5025: result: yes
configure:5025: checking arpa/inet.h usability
configure:5025: gcc -c -g -O2  conftest.c >&5
configure:5025: $? = 0
configure:5025: result: yes
configure:5025: checking arpa/inet.h presence
configure:5025: gcc -E  conftest.c
configure:5025: $? = 0
configure:5025: result: yes
configure:5025: checking for arpa/inet.h
configure:5025: result: yes
configure:5025: checking netinet/in.h usability
configure:5025: gcc -c -g -O2  conftest.c >&5
configure:5025: $? = 0
configure:5025: result: yes
configure:5025: checking netinet/in.h presence
configure:5025: gcc -E  conftest.c
configure:5025: $? = 0
configure:5025: result: yes
configure:5025: checking for netinet/in.h
configure:5025: result: yes
configure:5025: checking sys/ioctl.h usability
configure:5025: gcc -c -g -O2  conftest.c >&5
configure:5025: $? = 0
configure:5025: result: yes
configure:5025: checking sys/ioctl.h presence
configure:5025: gcc -E  conftest.c
configure:5025: $? = 0
configure:5025: result: yes
configure:5025: checking for sys/ioctl.h
configure:5025: result: yes
configure:5025: checking sys/socket.h usability
configure:5025: gcc -c -g -O2  conftest.c >&5
configure:5025: $? = 0
configure:5025: result: yes
configure:5025: checking sys/socket.h presence
configure:5025: gcc -E  conftest.c
configure:5025: $? = 0
configure:5025: result: yes
configure:5025: checking for sys/socket.h
configure:5025: result: yes
configure:5038: checking for getcwd
configure:5038: gcc -o conftest -g -O2   conftest.c  >&5
configure:5038: $? = 0
configure:5038: result: yes
configure:5038: checking for mkdir
configure:5038: gcc -o conftest -g -O2   conftest.c  >&5
configure:5038: $? = 0
configure:5038: result: yes
configure:5038: checking for ftruncate
configure:5038: gcc -o conftest -g -O2   conftest.c  >&5
configure:5038: $? = 0
configure:5038: result: yes
configure:5038: checking for bzero
configure:5038: gcc -o conftest -g -O2   conftest.c  >&5
conftest.c:57:6: warning: conflicting types for built-in function 'bzero' [-Wbuiltin-declaration-mismatch]
 char bzero ();
      ^~~~~
configure:5038: $? = 0
configure:5038: result: yes
configure:5038: checking for inet_ntoa
configure:5038: gcc -o conftest -g -O2   conftest.c  >&5
configure:5038: $? = 0
configure:5038: result: yes
configure:5038: checking for memset
configure:5038: gcc -o conftest -g -O2   conftest.c  >&5
conftest.c:59:6: warning: conflicting types for built-in function 'memset' [-Wbuiltin-declaration-mismatch]
 char memset ();
      ^~~~~~
configure:5038: $? = 0
configure:5038: result: yes
configure:5038: checking for select
configure:5038: gcc -o conftest -g -O2   conftest.c  >&5
configure:5038: $? = 0
configure:5038: result: yes
configure:5038: checking for socket
configure:5038: gcc -o conftest -g -O2   conftest.c  >&5
configure:5038: $? = 0
configure:5038: result: yes
configure:5047: checking for pid_t
configure:5047: gcc -c -g -O2  conftest.c >&5
configure:5047: $? = 0
configure:5047: gcc -c -g -O2  conftest.c >&5
conftest.c: In function 'main':
conftest.c:75:20: error: expected expression before ')' token
 if (sizeof ((pid_t)))
                    ^
configure:5047: $? = 1
configure: failed program was:
| /* confdefs.h */
| #define PACKAGE_NAME "gtwupload"
| #define PACKAGE_TARNAME "gtwupload"
| #define PACKAGE_VERSION "1.0"
| #define PACKAGE_STRING "gtwupload 1.0"
| #define PACKAGE_BUGREPORT ""
| #define PACKAGE_URL ""
| #define PACKAGE "gtwupload"
| #define VERSION "1.0"
| #define STDC_HEADERS 1
| #define HAVE_SYS_TYPES_H 1
| #define HAVE_SYS_STAT_H 1
| #define HAVE_STDLIB_H 1
| #define HAVE_STRING_H 1
| #define HAVE_MEMORY_H 1
| #define HAVE_STRINGS_H 1
| #define HAVE_INTTYPES_H 1
| #define HAVE_STDINT_H 1
| #define HAVE_UNISTD_H 1
| #define HAVE__BOOL 1
| #define HAVE_UNISTD_H 1
| #define HAVE_FCNTL_H 1
| #define HAVE_SYSLOG_H 1
| #define HAVE_NETDB_H 1
| #define HAVE_SYS_PARAM_H 1
| #define HAVE_ARPA_INET_H 1
| #define HAVE_NETINET_IN_H 1
| #define HAVE_SYS_IOCTL_H 1
| #define HAVE_SYS_SOCKET_H 1
| #define HAVE_GETCWD 1
| #define HAVE_MKDIR 1
| #define HAVE_FTRUNCATE 1
| #define HAVE_BZERO 1
| #define HAVE_INET_NTOA 1
| #define HAVE_MEMSET 1
| #define HAVE_SELECT 1
| #define HAVE_SOCKET 1
| /* end confdefs.h.  */
| #include <stdio.h>
| #ifdef HAVE_SYS_TYPES_H
| # include <sys/types.h>
| #endif
| #ifdef HAVE_SYS_STAT_H
| # include <sys/stat.h>
| #endif
| #ifdef STDC_HEADERS
| # include <stdlib.h>
| # include <stddef.h>
| #else
| # ifdef HAVE_STDLIB_H
| #  include <stdlib.h>
| # endif
| #endif
| #ifdef HAVE_STRING_H
| # if !defined STDC_HEADERS && defined HAVE_MEMORY_H
| #  include <memory.h>
| # endif
| # include <string.h>
| #endif
| #ifdef HAVE_STRINGS_H
| # include <strings.h>
| #endif
| #ifdef HAVE_INTTYPES_H
| # include <inttypes.h>
| #endif
| #ifdef HAVE_STDINT_H
| # include <stdint.h>
| #endif
| #ifdef HAVE_UNISTD_H
| # include <unistd.h>
| #endif
| int
| main ()
| {
| if (sizeof ((pid_t)))
| 	    return 0;
|   ;
|   return 0;
| }
configure:5047: result: yes
configure:5060: checking vfork.h usability
configure:5060: gcc -c -g -O2  conftest.c >&5
conftest.c:72:10: fatal error: vfork.h: No such file or directory
 #include <vfork.h>
          ^~~~~~~~~
compilation terminated.
configure:5060: $? = 1
configure: failed program was:
| /* confdefs.h */
| #define PACKAGE_NAME "gtwupload"
| #define PACKAGE_TARNAME "gtwupload"
| #define PACKAGE_VERSION "1.0"
| #define PACKAGE_STRING "gtwupload 1.0"
| #define PACKAGE_BUGREPORT ""
| #define PACKAGE_URL ""
| #define PACKAGE "gtwupload"
| #define VERSION "1.0"
| #define STDC_HEADERS 1
| #define HAVE_SYS_TYPES_H 1
| #define HAVE_SYS_STAT_H 1
| #define HAVE_STDLIB_H 1
| #define HAVE_STRING_H 1
| #define HAVE_MEMORY_H 1
| #define HAVE_STRINGS_H 1
| #define HAVE_INTTYPES_H 1
| #define HAVE_STDINT_H 1
| #define HAVE_UNISTD_H 1
| #define HAVE__BOOL 1
| #define HAVE_UNISTD_H 1
| #define HAVE_FCNTL_H 1
| #define HAVE_SYSLOG_H 1
| #define HAVE_NETDB_H 1
| #define HAVE_SYS_PARAM_H 1
| #define HAVE_ARPA_INET_H 1
| #define HAVE_NETINET_IN_H 1
| #define HAVE_SYS_IOCTL_H 1
| #define HAVE_SYS_SOCKET_H 1
| #define HAVE_GETCWD 1
| #define HAVE_MKDIR 1
| #define HAVE_FTRUNCATE 1
| #define HAVE_BZERO 1
| #define HAVE_INET_NTOA 1
| #define HAVE_MEMSET 1
| #define HAVE_SELECT 1
| #define HAVE_SOCKET 1
| /* end confdefs.h.  */
| #include <stdio.h>
| #ifdef HAVE_SYS_TYPES_H
| # include <sys/types.h>
| #endif
| #ifdef HAVE_SYS_STAT_H
| # include <sys/stat.h>
| #endif
| #ifdef STDC_HEADERS
| # include <stdlib.h>
| # include <stddef.h>
| #else
| # ifdef HAVE_STDLIB_H
| #  include <stdlib.h>
| # endif
| #endif
| #ifdef HAVE_STRING_H
| # if !defined STDC_HEADERS && defined HAVE_MEMORY_H
| #  include <memory.h>
| # endif
| # include <string.h>
| #endif
| #ifdef HAVE_STRINGS_H
| # include <strings.h>
| #endif
| #ifdef HAVE_INTTYPES_H
| # include <inttypes.h>
| #endif
| #ifdef HAVE_STDINT_H
| # include <stdint.h>
| #endif
| #ifdef HAVE_UNISTD_H
| # include <unistd.h>
| #endif
| #include <vfork.h>
configure:5060: result: no
configure:5060: checking vfork.h presence
configure:5060: gcc -E  conftest.c
conftest.c:39:10: fatal error: vfork.h: No such file or directory
 #include <vfork.h>
          ^~~~~~~~~
compilation terminated.
configure:5060: $? = 1
configure: failed program was:
| /* confdefs.h */
| #define PACKAGE_NAME "gtwupload"
| #define PACKAGE_TARNAME "gtwupload"
| #define PACKAGE_VERSION "1.0"
| #define PACKAGE_STRING "gtwupload 1.0"
| #define PACKAGE_BUGREPORT ""
| #define PACKAGE_URL ""
| #define PACKAGE "gtwupload"
| #define VERSION "1.0"
| #define STDC_HEADERS 1
| #define HAVE_SYS_TYPES_H 1
| #define HAVE_SYS_STAT_H 1
| #define HAVE_STDLIB_H 1
| #define HAVE_STRING_H 1
| #define HAVE_MEMORY_H 1
| #define HAVE_STRINGS_H 1
| #define HAVE_INTTYPES_H 1
| #define HAVE_STDINT_H 1
| #define HAVE_UNISTD_H 1
| #define HAVE__BOOL 1
| #define HAVE_UNISTD_H 1
| #define HAVE_FCNTL_H 1
| #define HAVE_SYSLOG_H 1
| #define HAVE_NETDB_H 1
| #define HAVE_SYS_PARAM_H 1
| #define HAVE_ARPA_INET_H 1
| #define HAVE_NETINET_IN_H 1
| #define HAVE_SYS_IOCTL_H 1
| #define HAVE_SYS_SOCKET_H 1
| #define HAVE_GETCWD 1
| #define HAVE_MKDIR 1
| #define HAVE_FTRUNCATE 1
| #define HAVE_BZERO 1
| #define HAVE_INET_NTOA 1
| #define HAVE_MEMSET 1
| #define HAVE_SELECT 1
| #define HAVE_SOCKET 1
| /* end confdefs.h.  */
| #include <vfork.h>
configure:5060: result: no
configure:5060: checking for vfork.h
configure:5060: result: no
configure:5073: checking for fork
configure:5073: gcc -o conftest -g -O2   conftest.c  >&5
conftest.c:62:6: warning: conflicting types for built-in function 'fork' [-Wbuiltin-declaration-mismatch]
 char fork ();
      ^~~~
configure:5073: $? = 0
configure:5073: result: yes
configure:5073: checking for vfork
configure:5073: gcc -o conftest -g -O2   conftest.c  >&5
configure:5073: $? = 0
configure:5073: result: yes
configure:5083: checking for working fork
configure:5105: gcc -o conftest -g -O2   conftest.c  >&5
configure:5105: $? = 0
configure:5105: ./conftest
configure:5105: $? = 0
configure:5115: result: yes
configure:5136: checking for working vfork
configure:5246: result: yes
configure:5271: checking for off_t
configure:5271: gcc -c -g -O2  conftest.c >&5
configure:5271: $? = 0
configure:5271: gcc -c -g -O2  conftest.c >&5
conftest.c: In function 'main':
conftest.c:79:20: error: expected expression before ')' token
 if (sizeof ((off_t)))
                    ^
configure:5271: $? = 1
configure: failed program was:
| /* confdefs.h */
| #define PACKAGE_NAME "gtwupload"
| #define PACKAGE_TARNAME "gtwupload"
| #define PACKAGE_VERSION "1.0"
| #define PACKAGE_STRING "gtwupload 1.0"
| #define PACKAGE_BUGREPORT ""
| #define PACKAGE_URL ""
| #define PACKAGE "gtwupload"
| #define VERSION "1.0"
| #define STDC_HEADERS 1
| #define HAVE_SYS_TYPES_H 1
| #define HAVE_SYS_STAT_H 1
| #define HAVE_STDLIB_H 1
| #define HAVE_STRING_H 1
| #define HAVE_MEMORY_H 1
| #define HAVE_STRINGS_H 1
| #define HAVE_INTTYPES_H 1
| #define HAVE_STDINT_H 1
| #define HAVE_UNISTD_H 1
| #define HAVE__BOOL 1
| #define HAVE_UNISTD_H 1
| #define HAVE_FCNTL_H 1
| #define HAVE_SYSLOG_H 1
| #define HAVE_NETDB_H 1
| #define HAVE_SYS_PARAM_H 1
| #define HAVE_ARPA_INET_H 1
| #define HAVE_NETINET_IN_H 1
| #define HAVE_SYS_IOCTL_H 1
| #define HAVE_SYS_SOCKET_H 1
| #define HAVE_GETCWD 1
| #define HAVE_MKDIR 1
| #define HAVE_FTRUNCATE 1
| #define HAVE_BZERO 1
| #define HAVE_INET_NTOA 1
| #define HAVE_MEMSET 1
| #define HAVE_SELECT 1
| #define HAVE_SOCKET 1
| #define HAVE_FORK 1
| #define HAVE_VFORK 1
| #define HAVE_WORKING_VFORK 1
| #define HAVE_WORKING_FORK 1
| /* end confdefs.h.  */
| #include <stdio.h>
| #ifdef HAVE_SYS_TYPES_H
| # include <sys/types.h>
| #endif
| #ifdef HAVE_SYS_STAT_H
| # include <sys/stat.h>
| #endif
| #ifdef STDC_HEADERS
| # include <stdlib.h>
| # include <stddef.h>
| #else
| # ifdef HAVE_STDLIB_H
| #  include <stdlib.h>
| # endif
| #endif
| #ifdef HAVE_STRING_H
| # if !defined STDC_HEADERS && defined HAVE_MEMORY_H
| #  include <memory.h>
| # endif
| # include <string.h>
| #endif
| #ifdef HAVE_STRINGS_H
| # include <strings.h>
| #endif
| #ifdef HAVE_INTTYPES_H
| # include <inttypes.h>
| #endif
| #ifdef HAVE_STDINT_H
| # include <stdint.h>
| #endif
| #ifdef HAVE_UNISTD_H
| # include <unistd.h>
| #endif
| int
| main ()
| {
| if (sizeof ((off_t)))
| 	    return 0;
|   ;
|   return 0;
| }
configure:5271: result: yes
configure:5282: checking for pid_t
configure:5282: result: yes
configure:5293: checking for size_t
configure:5293: gcc -c -g -O2  conftest.c >&5
configure:5293: $? = 0
configure:5293: gcc -c -g -O2  conftest.c >&5
conftest.c: In function 'main':
conftest.c:79:21: error: expected expression before ')' token
 if (sizeof ((size_t)))
                     ^
configure:5293: $? = 1
configure: failed program was:
| /* confdefs.h */
| #define PACKAGE_NAME "gtwupload"
| #define PACKAGE_TARNAME "gtwupload"
| #define PACKAGE_VERSION "1.0"
| #define PACKAGE_STRING "gtwupload 1.0"
| #define PACKAGE_BUGREPORT ""
| #define PACKAGE_URL ""
| #define PACKAGE "gtwupload"
| #define VERSION "1.0"
| #define STDC_HEADERS 1
| #define HAVE_SYS_TYPES_H 1
| #define HAVE_SYS_STAT_H 1
| #define HAVE_STDLIB_H 1
| #define HAVE_STRING_H 1
| #define HAVE_MEMORY_H 1
| #define HAVE_STRINGS_H 1
| #define HAVE_INTTYPES_H 1
| #define HAVE_STDINT_H 1
| #define HAVE_UNISTD_H 1
| #define HAVE__BOOL 1
| #define HAVE_UNISTD_H 1
| #define HAVE_FCNTL_H 1
| #define HAVE_SYSLOG_H 1
| #define HAVE_NETDB_H 1
| #define HAVE_SYS_PARAM_H 1
| #define HAVE_ARPA_INET_H 1
| #define HAVE_NETINET_IN_H 1
| #define HAVE_SYS_IOCTL_H 1
| #define HAVE_SYS_SOCKET_H 1
| #define HAVE_GETCWD 1
| #define HAVE_MKDIR 1
| #define HAVE_FTRUNCATE 1
| #define HAVE_BZERO 1
| #define HAVE_INET_NTOA 1
| #define HAVE_MEMSET 1
| #define HAVE_SELECT 1
| #define HAVE_SOCKET 1
| #define HAVE_FORK 1
| #define HAVE_VFORK 1
| #define HAVE_WORKING_VFORK 1
| #define HAVE_WORKING_FORK 1
| /* end confdefs.h.  */
| #include <stdio.h>
| #ifdef HAVE_SYS_TYPES_H
| # include <sys/types.h>
| #endif
| #ifdef HAVE_SYS_STAT_H
| # include <sys/stat.h>
| #endif
| #ifdef STDC_HEADERS
| # include <stdlib.h>
| # include <stddef.h>
| #else
| # ifdef HAVE_STDLIB_H
| #  include <stdlib.h>
| # endif
| #endif
| #ifdef HAVE_STRING_H
| # if !defined STDC_HEADERS && defined HAVE_MEMORY_H
| #  include <memory.h>
| # endif
| # include <string.h>
| #endif
| #ifdef HAVE_STRINGS_H
| # include <strings.h>
| #endif
| #ifdef HAVE_INTTYPES_H
| # include <inttypes.h>
| #endif
| #ifdef HAVE_STDINT_H
| # include <stdint.h>
| #endif
| #ifdef HAVE_UNISTD_H
| # include <unistd.h>
| #endif
| int
| main ()
| {
| if (sizeof ((size_t)))
| 	    return 0;
|   ;
|   return 0;
| }
configure:5293: result: yes
configure:5304: checking for uint16_t
configure:5304: gcc -c -g -O2  conftest.c >&5
configure:5304: $? = 0
configure:5304: result: yes
configure:5316: checking for uint32_t
configure:5316: gcc -c -g -O2  conftest.c >&5
configure:5316: $? = 0
configure:5316: result: yes
configure:5478: checking that generated files are newer than configure
configure:5484: result: done
configure:5527: creating ./config.status

## ---------------------- ##
## Running config.status. ##
## ---------------------- ##

This file was extended by gtwupload config.status 1.0, which was
generated by GNU Autoconf 2.69.  Invocation command line was

  CONFIG_FILES    = 
  CONFIG_HEADERS  = 
  CONFIG_LINKS    = 
  CONFIG_COMMANDS = 
  $ ./config.status 

on localhost.localdomain

config.status:806: creating Makefile
config.status:806: creating src/Makefile
config.status:963: executing depfiles commands
config.status:1040: cd src       && sed -e '/# am--include-marker/d' Makefile         | make -f - am--depfiles
make: Nothing to be done for 'am--depfiles'.
config.status:1045: $? = 0

## ---------------- ##
## Cache variables. ##
## ---------------- ##

ac_cv_build=x86_64-pc-linux-gnu
ac_cv_c_compiler_gnu=yes
ac_cv_c_uint16_t=yes
ac_cv_c_uint32_t=yes
ac_cv_cxx_compiler_gnu=yes
ac_cv_env_CCC_set=
ac_cv_env_CCC_value=
ac_cv_env_CC_set=
ac_cv_env_CC_value=
ac_cv_env_CFLAGS_set=
ac_cv_env_CFLAGS_value=
ac_cv_env_CPPFLAGS_set=
ac_cv_env_CPPFLAGS_value=
ac_cv_env_CPP_set=
ac_cv_env_CPP_value=
ac_cv_env_CXXFLAGS_set=
ac_cv_env_CXXFLAGS_value=
ac_cv_env_CXX_set=
ac_cv_env_CXX_value=
ac_cv_env_LDFLAGS_set=
ac_cv_env_LDFLAGS_value=
ac_cv_env_LIBS_set=
ac_cv_env_LIBS_value=
ac_cv_env_build_alias_set=
ac_cv_env_build_alias_value=
ac_cv_env_host_alias_set=
ac_cv_env_host_alias_value=
ac_cv_env_target_alias_set=
ac_cv_env_target_alias_value=
ac_cv_func_bzero=yes
ac_cv_func_fork=yes
ac_cv_func_fork_works=yes
ac_cv_func_ftruncate=yes
ac_cv_func_getcwd=yes
ac_cv_func_inet_ntoa=yes
ac_cv_func_memset=yes
ac_cv_func_mkdir=yes
ac_cv_func_select=yes
ac_cv_func_socket=yes
ac_cv_func_vfork=yes
ac_cv_func_vfork_works=yes
ac_cv_header_arpa_inet_h=yes
ac_cv_header_fcntl_h=yes
ac_cv_header_inttypes_h=yes
ac_cv_header_memory_h=yes
ac_cv_header_netdb_h=yes
ac_cv_header_netinet_in_h=yes
ac_cv_header_stdbool_h=yes
ac_cv_header_stdc=yes
ac_cv_header_stdint_h=yes
ac_cv_header_stdlib_h=yes
ac_cv_header_string_h=yes
ac_cv_header_strings_h=yes
ac_cv_header_sys_ioctl_h=yes
ac_cv_header_sys_param_h=yes
ac_cv_header_sys_socket_h=yes
ac_cv_header_sys_stat_h=yes
ac_cv_header_sys_types_h=yes
ac_cv_header_syslog_h=yes
ac_cv_header_unistd_h=yes
ac_cv_header_vfork_h=no
ac_cv_host=x86_64-pc-linux-gnu
ac_cv_objext=o
ac_cv_path_EGREP='/usr/bin/grep -E'
ac_cv_path_GREP=/usr/bin/grep
ac_cv_path_install='/usr/bin/install -c'
ac_cv_path_mkdir=/usr/bin/mkdir
ac_cv_prog_AWK=gawk
ac_cv_prog_CPP='gcc -E'
ac_cv_prog_ac_ct_CC=gcc
ac_cv_prog_ac_ct_CXX=g++
ac_cv_prog_cc_c89=
ac_cv_prog_cc_g=yes
ac_cv_prog_cxx_g=yes
ac_cv_prog_make_make_set=yes
ac_cv_target=x86_64-pc-linux-gnu
ac_cv_type__Bool=yes
ac_cv_type_off_t=yes
ac_cv_type_pid_t=yes
ac_cv_type_size_t=yes
am_cv_CC_dependencies_compiler_type=gcc3
am_cv_CXX_dependencies_compiler_type=gcc3
am_cv_make_support_nested_variables=yes
am_cv_prog_cc_c_o=yes

## ----------------- ##
## Output variables. ##
## ----------------- ##

ACLOCAL='${SHELL} /home/lxm/Workspace/gtwupload/missing aclocal-1.16'
AMDEPBACKSLASH='\'
AMDEP_FALSE='#'
AMDEP_TRUE=''
AMTAR='$${TAR-tar}'
AM_BACKSLASH='\'
AM_DEFAULT_V='$(AM_DEFAULT_VERBOSITY)'
AM_DEFAULT_VERBOSITY='1'
AM_V='$(V)'
AUTOCONF='${SHELL} /home/lxm/Workspace/gtwupload/missing autoconf'
AUTOHEADER='${SHELL} /home/lxm/Workspace/gtwupload/missing autoheader'
AUTOMAKE='${SHELL} /home/lxm/Workspace/gtwupload/missing automake-1.16'
AWK='gawk'
CC='gcc'
CCDEPMODE='depmode=gcc3'
CFLAGS='-g -O2'
CPP='gcc -E'
CPPFLAGS=''
CXX='g++'
CXXDEPMODE='depmode=gcc3'
CXXFLAGS='-std=c++0x'
CYGPATH_W='echo'
DEBUG_FALSE=''
DEBUG_TRUE='#'
DEFS='-DPACKAGE_NAME=\"gtwupload\" -DPACKAGE_TARNAME=\"gtwupload\" -DPACKAGE_VERSION=\"1.0\" -DPACKAGE_STRING=\"gtwupload\ 1.0\" -DPACKAGE_BUGREPORT=\"\" -DPACKAGE_URL=\"\" -DPACKAGE=\"gtwupload\" -DVERSION=\"1.0\" -DSTDC_HEADERS=1 -DHAVE_SYS_TYPES_H=1 -DHAVE_SYS_STAT_H=1 -DHAVE_STDLIB_H=1 -DHAVE_STRING_H=1 -DHAVE_MEMORY_H=1 -DHAVE_STRINGS_H=1 -DHAVE_INTTYPES_H=1 -DHAVE_STDINT_H=1 -DHAVE_UNISTD_H=1 -DHAVE__BOOL=1 -DHAVE_UNISTD_H=1 -DHAVE_FCNTL_H=1 -DHAVE_SYSLOG_H=1 -DHAVE_NETDB_H=1 -DHAVE_SYS_PARAM_H=1 -DHAVE_ARPA_INET_H=1 -DHAVE_NETINET_IN_H=1 -DHAVE_SYS_IOCTL_H=1 -DHAVE_SYS_SOCKET_H=1 -DHAVE_GETCWD=1 -DHAVE_MKDIR=1 -DHAVE_FTRUNCATE=1 -DHAVE_BZERO=1 -DHAVE_INET_NTOA=1 -DHAVE_MEMSET=1 -DHAVE_SELECT=1 -DHAVE_SOCKET=1 -DHAVE_FORK=1 -DHAVE_VFORK=1 -DHAVE_WORKING_VFORK=1 -DHAVE_WORKING_FORK=1'
DEPDIR='.deps'
ECHO_C=''
ECHO_N='-n'
ECHO_T=''
EGREP='/usr/bin/grep -E'
EXEEXT=''
GREP='/usr/bin/grep'
INSTALL_DATA='${INSTALL} -m 644'
INSTALL_PROGRAM='${INSTALL}'
INSTALL_SCRIPT='${INSTALL}'
INSTALL_STRIP_PROGRAM='$(install_sh) -c -s'
LDFLAGS=''
LIBOBJS=''
LIBS=''
LINUX_FALSE='#'
LINUX_TRUE=''
LTLIBOBJS=''
MAKEINFO='${SHELL} /home/lxm/Workspace/gtwupload/missing makeinfo'
MKDIR_P='/usr/bin/mkdir -p'
OBJEXT='o'
OSX_FALSE=''
OSX_TRUE='#'
PACKAGE='gtwupload'
PACKAGE_BUGREPORT=''
PACKAGE_NAME='gtwupload'
PACKAGE_STRING='gtwupload 1.0'
PACKAGE_TARNAME='gtwupload'
PACKAGE_URL=''
PACKAGE_VERSION='1.0'
PATH_SEPARATOR=':'
SET_MAKE=''
SHELL='/bin/sh'
STRIP=''
VERSION='1.0'
WINDOWS_FALSE=''
WINDOWS_TRUE='#'
ac_ct_CC='gcc'
ac_ct_CXX='g++'
am__EXEEXT_FALSE=''
am__EXEEXT_TRUE='#'
am__fastdepCC_FALSE='#'
am__fastdepCC_TRUE=''
am__fastdepCXX_FALSE='#'
am__fastdepCXX_TRUE=''
am__include='include'
am__isrc=' -I$(srcdir)'
am__leading_dot='.'
am__nodep='_no'
am__quote=''
am__tar='$${TAR-tar} chof - "$$tardir"'
am__untar='$${TAR-tar} xf -'
bindir='${exec_prefix}/bin'
build='x86_64-pc-linux-gnu'
build_alias=''
build_cpu='x86_64'
build_os='linux-gnu'
build_vendor='pc'
datadir='${datarootdir}'
datarootdir='${prefix}/share'
docdir='${datarootdir}/doc/${PACKAGE_TARNAME}'
dvidir='${docdir}'
exec_prefix='${prefix}'
host='x86_64-pc-linux-gnu'
host_alias=''
host_cpu='x86_64'
host_os='linux-gnu'
host_vendor='pc'
htmldir='${docdir}'
includedir='${prefix}/include'
infodir='${datarootdir}/info'
install_sh='${SHELL} /home/lxm/Workspace/gtwupload/install-sh'
libdir='${exec_prefix}/lib'
libexecdir='${exec_prefix}/libexec'
localedir='${datarootdir}/locale'
localstatedir='${prefix}/var'
mandir='${datarootdir}/man'
mkdir_p='$(MKDIR_P)'
oldincludedir='/usr/include'
pdfdir='${docdir}'
prefix='/usr/local'
program_transform_name='s,x,x,'
psdir='${docdir}'
sbindir='${exec_prefix}/sbin'
sharedstatedir='${prefix}/com'
sysconfdir='${prefix}/etc'
target='x86_64-pc-linux-gnu'
target_alias=''
target_cpu='x86_64'
target_os='linux-gnu'
target_vendor='pc'

## ----------- ##
## confdefs.h. ##
## ----------- ##

/* confdefs.h */
#define PACKAGE_NAME "gtwupload"
#define PACKAGE_TARNAME "gtwupload"
#define PACKAGE_VERSION "1.0"
#define PACKAGE_STRING "gtwupload 1.0"
#define PACKAGE_BUGREPORT ""
#define PACKAGE_URL ""
#define PACKAGE "gtwupload"
#define VERSION "1.0"
#define STDC_HEADERS 1
#define HAVE_SYS_TYPES_H 1
#define HAVE_SYS_STAT_H 1
#define HAVE_STDLIB_H 1
#define HAVE_STRING_H 1
#define HAVE_MEMORY_H 1
#define HAVE_STRINGS_H 1
#define HAVE_INTTYPES_H 1
#define HAVE_STDINT_H 1
#define HAVE_UNISTD_H 1
#define HAVE__BOOL 1
#define HAVE_UNISTD_H 1
#define HAVE_FCNTL_H 1
#define HAVE_SYSLOG_H 1
#define HAVE_NETDB_H 1
#define HAVE_SYS_PARAM_H 1
#define HAVE_ARPA_INET_H 1
#define HAVE_NETINET_IN_H 1
#define HAVE_SYS_IOCTL_H 1
#define HAVE_SYS_SOCKET_H 1
#define HAVE_GETCWD 1
#define HAVE_MKDIR 1
#define HAVE_FTRUNCATE 1
#define HAVE_BZERO 1
#define HAVE_INET_NTOA 1
#define HAVE_MEMSET 1
#define HAVE_SELECT 1
#define HAVE_SOCKET 1
#define HAVE_FORK 1
#define HAVE_VFORK 1
#define HAVE_WORKING_VFORK 1
#define HAVE_WORKING_FORK 1

configure: exit 0

## ---------------------- ##
## Running config.status. ##
## ---------------------- ##

This file was extended by gtwupload config.status 1.0, which was
generated by GNU Autoconf 2.69.  Invocation command line was

  CONFIG_FILES    = 
  CONFIG_HEADERS  = 
  CONFIG_LINKS    = 
  CONFIG_COMMANDS = 
  $ ./config.status src/Makefile depfiles

on localhost.localdomain

config.status:806: creating src/Makefile
config.status:963: executing depfiles commands
config.status:1040: cd src       && sed -e '/# am--include-marker/d' Makefile         | make -f - am--depfiles
make[2]: Entering directory '/home/lxm/Workspace/gtwupload/release/src'
make[2]: Nothing to be done for 'am--depfiles'.
make[2]: Leaving directory '/home/lxm/Workspace/gtwupload/release/src'
config.status:1045: $? = 0
